info it worked if it ends with ok
verbose cli [ 'node', '/usr/local/bin/npm', 'publish' ]
info using npm@1.1.21
info using node@v0.6.17
verbose config file /Users/twilson63/.npmrc
verbose config file /usr/local/etc/npmrc
verbose config file /usr/local/lib/node_modules/npm/npmrc
verbose publish [ '.' ]
verbose caching /Users/twilson63/code/zeke/package.json
verbose loadDefaults zeke@0.2.0
info prepublish zeke@0.2.0
verbose cache add [ '.', null ]
silly cache add: name, spec, args [ undefined, '.', [ '.', null ] ]
verbose parsed url { pathname: '.', path: '.', href: '.' }
verbose caching package.json
verbose loadDefaults zeke@0.2.0
verbose tar.pack [ '/var/folders/6m/8kkwqk753ws26x87vbh8z7l00000gn/T/npm-1337265731654/1337265731654-0.9799449897836894/tmp.tgz',
verbose tar.pack   '.' ]
verbose tarball /var/folders/6m/8kkwqk753ws26x87vbh8z7l00000gn/T/npm-1337265731654/1337265731654-0.9799449897836894/tmp.tgz
verbose folder .
verbose unpack /var/folders/6m/8kkwqk753ws26x87vbh8z7l00000gn/T/npm-1337265731654/1337265731654-0.9799449897836894/tmp.tgz
silly gunzTarPerm modes [ '755', '644' ]
silly extracting entry package.json
silly extracting entry .npmignore
silly extracting entry core.js
silly extracting entry index.js
silly extracting entry script_link.js
silly extracting entry changelog
silly extracting entry Cakefile
silly extracting entry test/foo.coffee
silly extracting entry test/addModule.coffee
silly extracting entry test/better_errors.coffee
silly extracting entry test/coffeescript.coffee
silly extracting entry test/coffeescriptHelper.coffee
silly extracting entry test/comments.coffee
silly extracting entry test/common.coffee
silly extracting entry test/custom.coffee
silly extracting entry test/doctype.coffee
silly extracting entry test/escaping.coffee
silly extracting entry test/attributes.coffee
silly extracting entry test/heredocs.coffee
silly extracting entry test/idClassShortcut.coffee
silly extracting entry test/ieConditionals.coffee
silly extracting entry test/inline.coffee
silly extracting entry test/literal.coffee
silly extracting entry test/mainTest.coffee
silly extracting entry test/mocha.opts
silly extracting entry test/script_link.coffee
silly extracting entry test/selfclosing.coffee
silly extracting entry test/vars.coffee
silly extracting entry readme.md
silly extracting entry examples/app.coffee
silly extracting entry examples/foo.coffee
silly extracting entry src/core.coffee
silly extracting entry src/index.coffee
silly extracting entry src/script_link.coffee
verbose caching /var/folders/6m/8kkwqk753ws26x87vbh8z7l00000gn/T/npm-1337265731654/1337265731654-0.9799449897836894/package/package.json
verbose loadDefaults zeke@0.2.0
verbose from cache /var/folders/6m/8kkwqk753ws26x87vbh8z7l00000gn/T/npm-1337265731654/1337265731654-0.9799449897836894/package/package.json
verbose tar.pack [ '/Users/twilson63/.npm/zeke/0.2.0/package.tgz',
verbose tar.pack   '/var/folders/6m/8kkwqk753ws26x87vbh8z7l00000gn/T/npm-1337265731654/1337265731654-0.9799449897836894/package' ]
verbose tarball /Users/twilson63/.npm/zeke/0.2.0/package.tgz
verbose folder /var/folders/6m/8kkwqk753ws26x87vbh8z7l00000gn/T/npm-1337265731654/1337265731654-0.9799449897836894/package
verbose unpack /Users/twilson63/.npm/zeke/0.2.0/package.tgz
silly gunzTarPerm modes [ '755', '644' ]
silly extracting entry package.json
silly extracting entry .npmignore
silly extracting entry script_link.js
silly extracting entry core.js
silly extracting entry index.js
silly extracting entry Cakefile
silly extracting entry examples/app.coffee
silly extracting entry examples/foo.coffee
silly extracting entry readme.md
silly extracting entry changelog
silly extracting entry src/core.coffee
silly extracting entry src/index.coffee
silly extracting entry src/script_link.coffee
silly extracting entry test/foo.coffee
silly extracting entry test/addModule.coffee
silly extracting entry test/better_errors.coffee
silly extracting entry test/coffeescript.coffee
silly extracting entry test/coffeescriptHelper.coffee
silly extracting entry test/comments.coffee
silly extracting entry test/common.coffee
silly extracting entry test/custom.coffee
silly extracting entry test/doctype.coffee
silly extracting entry test/escaping.coffee
silly extracting entry test/attributes.coffee
silly extracting entry test/heredocs.coffee
silly extracting entry test/idClassShortcut.coffee
silly extracting entry test/ieConditionals.coffee
silly extracting entry test/inline.coffee
silly extracting entry test/literal.coffee
silly extracting entry test/mainTest.coffee
silly extracting entry test/mocha.opts
silly extracting entry test/script_link.coffee
silly extracting entry test/selfclosing.coffee
silly extracting entry test/vars.coffee
verbose caching /Users/twilson63/.npm/zeke/0.2.0/package/package.json
verbose loadDefaults zeke@0.2.0
silly updated sha bytes 12961
info shasum b9ec42ec363fc6758d1c5598d793add6ea207041
info shasum /Users/twilson63/.npm/zeke/0.2.0/package.tgz
verbose from cache /Users/twilson63/.npm/zeke/0.2.0/package/package.json
verbose chmod /Users/twilson63/.npm/zeke/0.2.0/package.tgz 644
verbose chown [ '/Users/twilson63/.npm/zeke/0.2.0/package.tgz', 501, 20 ]
silly publish { author: { name: 'Tom Wilson' },
silly publish   name: 'zeke',
silly publish   description: 'a plug-able coffeescript template generator',
silly publish   version: '0.2.0',
silly publish   dependencies: { 'coffee-script': '~1.3.1', broadway: '~0.1.15' },
silly publish   devDependencies: 
silly publish    { mocha: '~1.0.3',
silly publish      should: '~0.6.3',
silly publish      'github-flavored-markdown': '*' },
silly publish   optionalDependencies: {},
silly publish   engines: { node: '~0.6.17' },
silly publish   _npmUser: { name: 'jackhq', email: 'tom@jackhq.com' },
silly publish   _id: 'zeke@0.2.0',
silly publish   _engineSupported: true,
silly publish   _npmVersion: '1.1.21',
silly publish   _nodeVersion: 'v0.6.17',
silly publish   _defaultsLoaded: true,
silly publish   dist: 
silly publish    { shasum: 'b9ec42ec363fc6758d1c5598d793add6ea207041',
silly publish      tarball: 'http://registry.npmjs.org/zeke/-/zeke-0.2.0.tgz' } }
verbose raw, before any munging zeke
verbose url resolving [ 'https://registry.npmjs.org/', './zeke' ]
verbose url resolved https://registry.npmjs.org/zeke
http PUT https://registry.npmjs.org/zeke
http 409 https://registry.npmjs.org/zeke
verbose raw, before any munging zeke
verbose url resolving [ 'https://registry.npmjs.org/', './zeke' ]
verbose url resolved https://registry.npmjs.org/zeke
http GET https://registry.npmjs.org/zeke
http 200 https://registry.npmjs.org/zeke
info Already published zeke@0.2.0
verbose uploading bin dists []
ERR! publish fail Cannot publish over existing version.
ERR! publish fail Bump the 'version' field, set the --force flag, or
ERR! publish fail     npm unpublish 'zeke@0.2.0'
ERR! publish fail and try again
ERR! 
ERR! System Darwin 11.3.0
ERR! command "node" "/usr/local/bin/npm" "publish"
ERR! cwd /Users/twilson63/code/zeke
ERR! node -v v0.6.17
ERR! npm -v 1.1.21
ERR! code EPUBLISHCONFLICT
ERR! message publish fail
ERR! errno {}
verbose exit [ 1, true ]
